<?xml version="1.0" encoding="UTF-8"?>
<testsuite name="model.CadastroRgTest" tests="1" skipped="0" failures="0" errors="0" timestamp="2020-09-13T22:13:16" hostname="LAPTOP-P29RQER2" time="0.007">
  <properties/>
  <testcase name="validarRg()" classname="model.CadastroRgTest" time="0.007"/>
  <system-out><![CDATA[]]></system-out>
  <system-err><![CDATA[]]></system-err>
</testsuite>
